  Building Custom Rule C:/code_inf443/scenes/Project/Project/CMakeLists.txt
  basic_types.cpp
  error.cpp
  rand.cpp
  string.cpp
  test_buffer.cpp
  test_buffer_stack.cpp
  test_grid.cpp
  test_grid_stack_2D.cpp
  offset_grid.cpp
  curve_drawable.cpp
  curve_dynamic_drawable.cpp
  hierarchy_mesh_drawable.cpp
  hierarchy_mesh_drawable_node.cpp
  mesh_drawable.cpp
  mesh_normal_drawable.cpp
  mesh_wireframe_drawable.cpp
  segments_drawable.cpp
  shading_parameters.cpp
  skybox_drawable.cpp
  spatial_domain_grid_drawable.cpp
  trajectory_drawable.cpp
  triangle_soup_drawable.cpp
  image.cpp
  debug.cpp
  opengl_helper.cpp
  shaders.cpp
  texture.cpp
  uniform.cpp
  window.cpp
  files.cpp
  helper.cpp
  scene_environment_basic.cpp
  camera_around_center.cpp
  camera_base.cpp
  camera_head.cpp
  camera_projection.cpp
  camera_spherical_coordinates.cpp
  common_functions.cpp
  camera_standard_behavior.cpp
  glfw_inputs.cpp
  gui.cpp
  picking_plane.cpp
  picking_spheres.cpp
  picking_structure.cpp
  timer_basic.cpp
  timer_event_periodic.cpp
  timer_fps.cpp
  timer_interval.cpp
  velocity_tracker.cpp
  affine_rt.cpp
  affine_rts.cpp
  frame.cpp
  interpolation.cpp
  mat4.cpp
  test_matrix_stack.cpp
  projection.cpp
  quaternion.cpp
  rotation_transform.cpp
  test_rotation.cpp
  test_vec_mat.cpp
  vec_mat.cpp
  curve.cpp
  marching_cubes_lut.cpp
  marching_cube.cpp
  intersection.cpp
  obj.cpp
  mesh_primitive.cpp
  mesh.cpp
  noise.cpp
  spatial_domain_grid_3D.cpp
  glad.cpp
  imgui.cpp
  imgui_demo.cpp
  imgui_draw.cpp
  imgui_impl_glfw.cpp
  imgui_impl_opengl3.cpp
  imgui_widgets.cpp
  jpgd.cpp
  jpge.cpp
  lodepng.cpp
  simplexnoise1234.cpp
  environment_camera_head.cpp
  main.cpp
  scene.cpp
  special_types.cpp
  special_types.cpp
  Project.vcxproj -> C:\code_inf443\scenes\Project\Project\Project.exe
