The system is: Windows - 10.0.22000 - AMD64
Compiling the C compiler identification source file "CMakeCCompilerId.c" succeeded.
Compiler:  
Build flags: 
Id flags:  

The output was:
0
Microsoft (R) Build Engine version 17.1.0+ae57d105c pour .NET Framework
Copyright (C) Microsoft Corporation. Tous droits r‚serv‚s.

La g‚n‚ration a d‚marr‚ 10/05/2022 08:52:42.
Projet "C:\Users\thegr\OneDrive\Documents\Cours\2A\INF443\Projet\Projet\build\CMakeFiles\3.23.0-rc3\CompilerIdC\CompilerIdC.vcxproj" sur le noud 1 (cibles par d‚faut).
PrepareForBuild:
  Cr‚ation du r‚pertoire "Debug\".
  Cr‚ation du r‚pertoire "Debug\CompilerIdC.tlog\".
InitializeBuildStatus:
  Cr‚ation de "Debug\CompilerIdC.tlog\unsuccessfulbuild", car "AlwaysCreate" a ‚t‚ sp‚cifi‚.
ClCompile:
  C:\Program Files\Microsoft Visual Studio\2022\Community\VC\Tools\MSVC\14.31.31103\bin\HostX64\x64\CL.exe /c /nologo /W0 /WX- /diagnostics:column /Od /D _MBCS /Gm- /EHsc /RTC1 /MDd /GS /fp:precise /Zc:wchar_t /Zc:forScope /Zc:inline /Fo"Debug\\" /Fd"Debug\vc143.pdb" /external:W0 /Gd /TC /FC /errorReport:queue CMakeCCompilerId.c
  CMakeCCompilerId.c
Link:
  C:\Program Files\Microsoft Visual Studio\2022\Community\VC\Tools\MSVC\14.31.31103\bin\HostX64\x64\link.exe /ERRORREPORT:QUEUE /OUT:".\CompilerIdC.exe" /INCREMENTAL:NO /NOLOGO kernel32.lib user32.lib gdi32.lib winspool.lib comdlg32.lib advapi32.lib shell32.lib ole32.lib oleaut32.lib uuid.lib odbc32.lib odbccp32.lib /MANIFEST /MANIFESTUAC:"level='asInvoker' uiAccess='false'" /manifest:embed /PDB:".\CompilerIdC.pdb" /SUBSYSTEM:CONSOLE /TLBID:1 /DYNAMICBASE /NXCOMPAT /IMPLIB:".\CompilerIdC.lib" /MACHINE:X64 Debug\CMakeCCompilerId.obj
  CompilerIdC.vcxproj -> C:\Users\thegr\OneDrive\Documents\Cours\2A\INF443\Projet\Projet\build\CMakeFiles\3.23.0-rc3\CompilerIdC\CompilerIdC.exe
PostBuildEvent:
  for %%i in (cl.exe) do @echo CMAKE_C_COMPILER=%%~$PATH:i
  :VCEnd
  CMAKE_C_COMPILER=C:\Program Files\Microsoft Visual Studio\2022\Community\VC\Tools\MSVC\14.31.31103\bin\Hostx64\x64\cl.exe
FinalizeBuildStatus:
  Suppression du fichier "Debug\CompilerIdC.tlog\unsuccessfulbuild".
  Mise … jour de l'horodatage "Debug\CompilerIdC.tlog\CompilerIdC.lastbuildstate".
G‚n‚ration du projet "C:\Users\thegr\OneDrive\Documents\Cours\2A\INF443\Projet\Projet\build\CMakeFiles\3.23.0-rc3\CompilerIdC\CompilerIdC.vcxproj" termin‚e (cibles par d‚faut).

La g‚n‚ration a r‚ussi.
    0 Avertissement(s)
    0 Erreur(s)

Temps ‚coul‚ 00:00:00.56


Compilation of the C compiler identification source "CMakeCCompilerId.c" produced "CompilerIdC.exe"

Compilation of the C compiler identification source "CMakeCCompilerId.c" produced "CompilerIdC.vcxproj"

The C compiler identification is MSVC, found in "C:/Users/thegr/OneDrive/Documents/Cours/2A/INF443/Projet/Projet/build/CMakeFiles/3.23.0-rc3/CompilerIdC/CompilerIdC.exe"

Compiling the CXX compiler identification source file "CMakeCXXCompilerId.cpp" succeeded.
Compiler:  
Build flags: 
Id flags:  

The output was:
0
Microsoft (R) Build Engine version 17.1.0+ae57d105c pour .NET Framework
Copyright (C) Microsoft Corporation. Tous droits r‚serv‚s.

La g‚n‚ration a d‚marr‚ 10/05/2022 08:52:42.
Projet "C:\Users\thegr\OneDrive\Documents\Cours\2A\INF443\Projet\Projet\build\CMakeFiles\3.23.0-rc3\CompilerIdCXX\CompilerIdCXX.vcxproj" sur le noud 1 (cibles par d‚faut).
PrepareForBuild:
  Cr‚ation du r‚pertoire "Debug\".
  Cr‚ation du r‚pertoire "Debug\CompilerIdCXX.tlog\".
InitializeBuildStatus:
  Cr‚ation de "Debug\CompilerIdCXX.tlog\unsuccessfulbuild", car "AlwaysCreate" a ‚t‚ sp‚cifi‚.
ClCompile:
  C:\Program Files\Microsoft Visual Studio\2022\Community\VC\Tools\MSVC\14.31.31103\bin\HostX64\x64\CL.exe /c /nologo /W0 /WX- /diagnostics:column /Od /D _MBCS /Gm- /EHsc /RTC1 /MDd /GS /fp:precise /Zc:wchar_t /Zc:forScope /Zc:inline /Fo"Debug\\" /Fd"Debug\vc143.pdb" /external:W0 /Gd /TP /FC /errorReport:queue CMakeCXXCompilerId.cpp
  CMakeCXXCompilerId.cpp
Link:
  C:\Program Files\Microsoft Visual Studio\2022\Community\VC\Tools\MSVC\14.31.31103\bin\HostX64\x64\link.exe /ERRORREPORT:QUEUE /OUT:".\CompilerIdCXX.exe" /INCREMENTAL:NO /NOLOGO kernel32.lib user32.lib gdi32.lib winspool.lib comdlg32.lib advapi32.lib shell32.lib ole32.lib oleaut32.lib uuid.lib odbc32.lib odbccp32.lib /MANIFEST /MANIFESTUAC:"level='asInvoker' uiAccess='false'" /manifest:embed /PDB:".\CompilerIdCXX.pdb" /SUBSYSTEM:CONSOLE /TLBID:1 /DYNAMICBASE /NXCOMPAT /IMPLIB:".\CompilerIdCXX.lib" /MACHINE:X64 Debug\CMakeCXXCompilerId.obj
  CompilerIdCXX.vcxproj -> C:\Users\thegr\OneDrive\Documents\Cours\2A\INF443\Projet\Projet\build\CMakeFiles\3.23.0-rc3\CompilerIdCXX\CompilerIdCXX.exe
PostBuildEvent:
  for %%i in (cl.exe) do @echo CMAKE_CXX_COMPILER=%%~$PATH:i
  :VCEnd
  CMAKE_CXX_COMPILER=C:\Program Files\Microsoft Visual Studio\2022\Community\VC\Tools\MSVC\14.31.31103\bin\Hostx64\x64\cl.exe
FinalizeBuildStatus:
  Suppression du fichier "Debug\CompilerIdCXX.tlog\unsuccessfulbuild".
  Mise … jour de l'horodatage "Debug\CompilerIdCXX.tlog\CompilerIdCXX.lastbuildstate".
G‚n‚ration du projet "C:\Users\thegr\OneDrive\Documents\Cours\2A\INF443\Projet\Projet\build\CMakeFiles\3.23.0-rc3\CompilerIdCXX\CompilerIdCXX.vcxproj" termin‚e (cibles par d‚faut).

La g‚n‚ration a r‚ussi.
    0 Avertissement(s)
    0 Erreur(s)

Temps ‚coul‚ 00:00:00.47


Compilation of the CXX compiler identification source "CMakeCXXCompilerId.cpp" produced "CompilerIdCXX.exe"

Compilation of the CXX compiler identification source "CMakeCXXCompilerId.cpp" produced "CompilerIdCXX.vcxproj"

The CXX compiler identification is MSVC, found in "C:/Users/thegr/OneDrive/Documents/Cours/2A/INF443/Projet/Projet/build/CMakeFiles/3.23.0-rc3/CompilerIdCXX/CompilerIdCXX.exe"

Detecting C compiler ABI info compiled with the following output:
Change Dir: C:/Users/thegr/OneDrive/Documents/Cours/2A/INF443/Projet/Projet/build/CMakeFiles/CMakeTmp

Run Build Command(s):C:/Program Files/Microsoft Visual Studio/2022/Community/MSBuild/Current/Bin/amd64/MSBuild.exe cmTC_393e6.vcxproj /p:Configuration=Debug /p:Platform=x64 /p:VisualStudioVersion=17.0 /v:m && Microsoft (R) Build Engine version 17.1.0+ae57d105c pour .NET Framework
Copyright (C) Microsoft Corporation. Tous droits r‚serv‚s.

  Compilateur d'optimisation Microsoft (R) C/C++ versionÿ19.31.31104 pour x64
  CMakeCCompilerABI.c
  Copyright (C) Microsoft Corporation. Tous droits r‚serv‚s.
  cl /c /Zi /W3 /WX- /diagnostics:column /Od /Ob0 /D _MBCS /D WIN32 /D _WINDOWS /D "CMAKE_INTDIR=\"Debug\"" /Gm- /RTC1 /MDd /GS /fp:precise /Zc:wchar_t /Zc:forScope /Zc:inline /Fo"cmTC_393e6.dir\Debug\\" /Fd"cmTC_393e6.dir\Debug\vc143.pdb" /external:W3 /Gd /TC /errorReport:queue "C:\Program Files\CMake\share\cmake-3.23\Modules\CMakeCCompilerABI.c"
  cmTC_393e6.vcxproj -> C:\Users\thegr\OneDrive\Documents\Cours\2A\INF443\Projet\Projet\build\CMakeFiles\CMakeTmp\Debug\cmTC_393e6.exe



Detecting CXX compiler ABI info compiled with the following output:
Change Dir: C:/Users/thegr/OneDrive/Documents/Cours/2A/INF443/Projet/Projet/build/CMakeFiles/CMakeTmp

Run Build Command(s):C:/Program Files/Microsoft Visual Studio/2022/Community/MSBuild/Current/Bin/amd64/MSBuild.exe cmTC_a9a75.vcxproj /p:Configuration=Debug /p:Platform=x64 /p:VisualStudioVersion=17.0 /v:m && Microsoft (R) Build Engine version 17.1.0+ae57d105c pour .NET Framework
Copyright (C) Microsoft Corporation. Tous droits r‚serv‚s.

  Compilateur d'optimisation Microsoft (R) C/C++ versionÿ19.31.31104 pour x64
  Copyright (C) Microsoft Corporation. Tous droits r‚serv‚s.
  CMakeCXXCompilerABI.cpp
  cl /c /Zi /W3 /WX- /diagnostics:column /Od /Ob0 /D _MBCS /D WIN32 /D _WINDOWS /D "CMAKE_INTDIR=\"Debug\"" /Gm- /EHsc /RTC1 /MDd /GS /fp:precise /Zc:wchar_t /Zc:forScope /Zc:inline /GR /Fo"cmTC_a9a75.dir\Debug\\" /Fd"cmTC_a9a75.dir\Debug\vc143.pdb" /external:W3 /Gd /TP /errorReport:queue "C:\Program Files\CMake\share\cmake-3.23\Modules\CMakeCXXCompilerABI.cpp"
  cmTC_a9a75.vcxproj -> C:\Users\thegr\OneDrive\Documents\Cours\2A\INF443\Projet\Projet\build\CMakeFiles\CMakeTmp\Debug\cmTC_a9a75.exe



